{ error:
   TypeError: logger.console is not a function
       at Server.<anonymous> (C:\Users\James\Development\instactical2-api-node\index.js:27:39)
       at Object.onceWrapper (events.js:286:20)
       at Server.emit (events.js:198:13)
       at emitListeningNT (net.js:1313:10)
       at process._tickCallback (internal/process/next_tick.js:63:19)
       at Function.Module.runMain (internal/modules/cjs/loader.js:834:11)
       at startup (internal/bootstrap/node.js:283:19)
       at bootstrapNodeJSCore (internal/bootstrap/node.js:622:3),
  level: 'error',
  message:
   'uncaughtException: logger.console is not a function\nTypeError: logger.console is not a function\n    at Server.<anonymous> (C:\\Users\\James\\Development\\instactical2-api-node\\index.js:27:39)\n    at Object.onceWrapper (events.js:286:20)\n    at Server.emit (events.js:198:13)\n    at emitListeningNT (net.js:1313:10)\n    at process._tickCallback (internal/process/next_tick.js:63:19)\n    at Function.Module.runMain (internal/modules/cjs/loader.js:834:11)\n    at startup (internal/bootstrap/node.js:283:19)\n    at bootstrapNodeJSCore (internal/bootstrap/node.js:622:3)',
  stack:
   'TypeError: logger.console is not a function\n    at Server.<anonymous> (C:\\Users\\James\\Development\\instactical2-api-node\\index.js:27:39)\n    at Object.onceWrapper (events.js:286:20)\n    at Server.emit (events.js:198:13)\n    at emitListeningNT (net.js:1313:10)\n    at process._tickCallback (internal/process/next_tick.js:63:19)\n    at Function.Module.runMain (internal/modules/cjs/loader.js:834:11)\n    at startup (internal/bootstrap/node.js:283:19)\n    at bootstrapNodeJSCore (internal/bootstrap/node.js:622:3)',
  exception: true,
  date: 'Tue Mar 17 2020 15:48:17 GMT-0700 (Pacific Daylight Time)',
  process:
   { pid: 1836,
     uid: null,
     gid: null,
     cwd: 'C:\\Users\\James\\Development\\instactical2-api-node',
     execPath: 'C:\\Program Files\\nodejs\\node.exe',
     version: 'v10.16.3',
     argv:
      [ 'C:\\Program Files\\nodejs\\node.exe',
        'C:\\Users\\James\\Development\\instactical2-api-node\\index.js' ],
     memoryUsage:
      { rss: 62185472,
        heapTotal: 59547648,
        heapUsed: 26354544,
        external: 18419255 } },
  os: { loadavg: [ 0, 0, 0 ], uptime: 8880 },
  trace:
   [ { column: 39,
       file:
        'C:\\Users\\James\\Development\\instactical2-api-node\\index.js',
       function: null,
       line: 27,
       method: null,
       native: false },
     { column: 20,
       file: 'events.js',
       function: 'Object.onceWrapper',
       line: 286,
       method: 'onceWrapper',
       native: false },
     { column: 13,
       file: 'events.js',
       function: 'Server.emit',
       line: 198,
       method: 'emit',
       native: false },
     { column: 10,
       file: 'net.js',
       function: 'emitListeningNT',
       line: 1313,
       method: null,
       native: false },
     { column: 19,
       file: 'internal/process/next_tick.js',
       function: 'process._tickCallback',
       line: 63,
       method: '_tickCallback',
       native: false },
     { column: 11,
       file: 'internal/modules/cjs/loader.js',
       function: 'Module.runMain',
       line: 834,
       method: 'runMain',
       native: false },
     { column: 19,
       file: 'internal/bootstrap/node.js',
       function: 'startup',
       line: 283,
       method: null,
       native: false },
     { column: 3,
       file: 'internal/bootstrap/node.js',
       function: 'bootstrapNodeJSCore',
       line: 622,
       method: null,
       native: false } ],
  timestamp: '2020-03-17 03:48:17pm' }
{ error:
   TypeError: logger.console is not a function
       at Server.<anonymous> (C:\Users\James\Development\instactical2-api-node\index.js:28:39)
       at Object.onceWrapper (events.js:286:20)
       at Server.emit (events.js:198:13)
       at emitListeningNT (net.js:1313:10)
       at process._tickCallback (internal/process/next_tick.js:63:19)
       at Function.Module.runMain (internal/modules/cjs/loader.js:834:11)
       at startup (internal/bootstrap/node.js:283:19)
       at bootstrapNodeJSCore (internal/bootstrap/node.js:622:3),
  level: 'error',
  message:
   'uncaughtException: logger.console is not a function\nTypeError: logger.console is not a function\n    at Server.<anonymous> (C:\\Users\\James\\Development\\instactical2-api-node\\index.js:28:39)\n    at Object.onceWrapper (events.js:286:20)\n    at Server.emit (events.js:198:13)\n    at emitListeningNT (net.js:1313:10)\n    at process._tickCallback (internal/process/next_tick.js:63:19)\n    at Function.Module.runMain (internal/modules/cjs/loader.js:834:11)\n    at startup (internal/bootstrap/node.js:283:19)\n    at bootstrapNodeJSCore (internal/bootstrap/node.js:622:3)',
  stack:
   'TypeError: logger.console is not a function\n    at Server.<anonymous> (C:\\Users\\James\\Development\\instactical2-api-node\\index.js:28:39)\n    at Object.onceWrapper (events.js:286:20)\n    at Server.emit (events.js:198:13)\n    at emitListeningNT (net.js:1313:10)\n    at process._tickCallback (internal/process/next_tick.js:63:19)\n    at Function.Module.runMain (internal/modules/cjs/loader.js:834:11)\n    at startup (internal/bootstrap/node.js:283:19)\n    at bootstrapNodeJSCore (internal/bootstrap/node.js:622:3)',
  exception: true,
  date: 'Tue Mar 17 2020 15:48:29 GMT-0700 (Pacific Daylight Time)',
  process:
   { pid: 10160,
     uid: null,
     gid: null,
     cwd: 'C:\\Users\\James\\Development\\instactical2-api-node',
     execPath: 'C:\\Program Files\\nodejs\\node.exe',
     version: 'v10.16.3',
     argv:
      [ 'C:\\Program Files\\nodejs\\node.exe',
        'C:\\Users\\James\\Development\\instactical2-api-node\\index.js' ],
     memoryUsage:
      { rss: 61755392,
        heapTotal: 61120512,
        heapUsed: 26109008,
        external: 18411063 } },
  os: { loadavg: [ 0, 0, 0 ], uptime: 8892 },
  trace:
   [ { column: 39,
       file:
        'C:\\Users\\James\\Development\\instactical2-api-node\\index.js',
       function: null,
       line: 28,
       method: null,
       native: false },
     { column: 20,
       file: 'events.js',
       function: 'Object.onceWrapper',
       line: 286,
       method: 'onceWrapper',
       native: false },
     { column: 13,
       file: 'events.js',
       function: 'Server.emit',
       line: 198,
       method: 'emit',
       native: false },
     { column: 10,
       file: 'net.js',
       function: 'emitListeningNT',
       line: 1313,
       method: null,
       native: false },
     { column: 19,
       file: 'internal/process/next_tick.js',
       function: 'process._tickCallback',
       line: 63,
       method: '_tickCallback',
       native: false },
     { column: 11,
       file: 'internal/modules/cjs/loader.js',
       function: 'Module.runMain',
       line: 834,
       method: 'runMain',
       native: false },
     { column: 19,
       file: 'internal/bootstrap/node.js',
       function: 'startup',
       line: 283,
       method: null,
       native: false },
     { column: 3,
       file: 'internal/bootstrap/node.js',
       function: 'bootstrapNodeJSCore',
       line: 622,
       method: null,
       native: false } ],
  timestamp: '2020-03-17 03:48:29pm' }
